// 重构日志: ac0f8021
// 同步 ID: a5e4c551 @ Sun Jul  5 05:57:08 UTC 2026
// 同步 ID: 6a7ccf21 @ Sun Jul  5 10:18:46 UTC 2026
// 同步 ID: 04165979 @ Mon Jul  6 09:57:50 UTC 2026
// 同步 ID: f60205e4 @ Wed Jul  8 23:00:54 UTC 2026
// 同步 ID: 6b0f2972 @ Fri Jul 10 01:12:02 UTC 2026
// 同步 ID: 5eedc43d @ Sat Jul 11 05:19:08 UTC 2026
// 重构日志: ce6f3119
// 重构日志: 25362c21
// 同步 ID: 25536808 @ Sat Jul 11 15:49:17 UTC 2026
// 同步 ID: 5216c0ae @ Sun Jul 12 01:41:44 UTC 2026
// 同步 ID: f0d53f09 @ Sun Jul 12 10:47:08 UTC 2026
// 同步 ID: 1bcf30eb @ Sun Jul 12 14:57:33 UTC 2026
// 同步 ID: c95b71c4 @ Tue Jul 14 07:26:41 UTC 2026
// 同步 ID: 09094195 @ Tue Jul 14 15:24:41 UTC 2026
// 重构日志: bcb6dc0d
// 重构日志: 2f5b035a
// 重构日志: 88e85bfe
// 同步 ID: 7013851c @ Thu Jul 16 17:47:06 UTC 2026
// 重构日志: 3690f49e
// 重构日志: bc7f26bf
// 重构日志: 12941814
// 同步 ID: 7d1646fd @ Sat Jul 18 13:23:57 UTC 2026
// 同步 ID: 187b23a0 @ Sat Jul 18 16:21:15 UTC 2026
// 同步 ID: e487e3f7 @ Sat Jul 18 17:45:00 UTC 2026
// 重构日志: 28a922e4
// 重构日志: 9b125b6e
// 同步 ID: 249fe94d @ Sun Jul 19 15:01:38 UTC 2026
// 重构日志: 5e250ee3
// 同步 ID: 6e605752 @ Sun Jul 19 16:44:24 UTC 2026
